{"/Users/Tarun_Dewangan/gitrepos/vite-nav-forms-charts/src/components/Navigation.tsx": {"path":"/Users/Tarun_Dewangan/gitrepos/vite-nav-forms-charts/src/components/Navigation.tsx","all":false,"statementMap":{"0":{"start":{"line":1,"column":0},"end":{"line":1,"column":40}},"1":{"start":{"line":2,"column":0},"end":{"line":2,"column":53}},"2":{"start":{"line":3,"column":0},"end":{"line":3,"column":51}},"4":{"start":{"line":5,"column":0},"end":{"line":5,"column":26}},"6":{"start":{"line":7,"column":0},"end":{"line":7,"column":36}},"7":{"start":{"line":8,"column":0},"end":{"line":8,"column":41}},"8":{"start":{"line":9,"column":0},"end":{"line":9,"column":33}},"9":{"start":{"line":10,"column":0},"end":{"line":10,"column":54}},"11":{"start":{"line":12,"column":0},"end":{"line":12,"column":20}},"12":{"start":{"line":13,"column":0},"end":{"line":13,"column":43}},"13":{"start":{"line":14,"column":0},"end":{"line":14,"column":46}},"14":{"start":{"line":15,"column":0},"end":{"line":15,"column":46}},"15":{"start":{"line":16,"column":0},"end":{"line":16,"column":4}},"17":{"start":{"line":18,"column":0},"end":{"line":18,"column":53}},"18":{"start":{"line":19,"column":0},"end":{"line":19,"column":39}},"19":{"start":{"line":20,"column":0},"end":{"line":20,"column":37}},"20":{"start":{"line":21,"column":0},"end":{"line":21,"column":36}},"21":{"start":{"line":22,"column":0},"end":{"line":22,"column":4}},"23":{"start":{"line":24,"column":0},"end":{"line":24,"column":10}},"24":{"start":{"line":25,"column":0},"end":{"line":25,"column":32}},"25":{"start":{"line":26,"column":0},"end":{"line":26,"column":37}},"26":{"start":{"line":27,"column":0},"end":{"line":27,"column":35}},"27":{"start":{"line":28,"column":0},"end":{"line":28,"column":42}},"28":{"start":{"line":29,"column":0},"end":{"line":29,"column":14}},"30":{"start":{"line":31,"column":0},"end":{"line":31,"column":16}},"31":{"start":{"line":32,"column":0},"end":{"line":32,"column":32}},"32":{"start":{"line":33,"column":0},"end":{"line":33,"column":52}},"33":{"start":{"line":34,"column":0},"end":{"line":34,"column":45}},"35":{"start":{"line":36,"column":0},"end":{"line":36,"column":23}},"36":{"start":{"line":37,"column":0},"end":{"line":37,"column":23}},"37":{"start":{"line":38,"column":0},"end":{"line":38,"column":23}},"38":{"start":{"line":39,"column":0},"end":{"line":39,"column":17}},"40":{"start":{"line":41,"column":0},"end":{"line":41,"column":73}},"41":{"start":{"line":42,"column":0},"end":{"line":42,"column":36}},"42":{"start":{"line":43,"column":0},"end":{"line":43,"column":37}},"43":{"start":{"line":44,"column":0},"end":{"line":44,"column":34}},"44":{"start":{"line":45,"column":0},"end":{"line":45,"column":22}},"45":{"start":{"line":46,"column":0},"end":{"line":46,"column":32}},"46":{"start":{"line":47,"column":0},"end":{"line":47,"column":77}},"47":{"start":{"line":48,"column":0},"end":{"line":48,"column":54}},"49":{"start":{"line":50,"column":0},"end":{"line":50,"column":30}},"50":{"start":{"line":51,"column":0},"end":{"line":51,"column":23}},"51":{"start":{"line":52,"column":0},"end":{"line":52,"column":19}},"52":{"start":{"line":53,"column":0},"end":{"line":53,"column":15}},"53":{"start":{"line":54,"column":0},"end":{"line":54,"column":15}},"55":{"start":{"line":56,"column":0},"end":{"line":56,"column":42}},"56":{"start":{"line":57,"column":0},"end":{"line":57,"column":56}},"57":{"start":{"line":58,"column":0},"end":{"line":58,"column":20}},"58":{"start":{"line":59,"column":0},"end":{"line":59,"column":31}},"59":{"start":{"line":60,"column":0},"end":{"line":60,"column":28}},"60":{"start":{"line":61,"column":0},"end":{"line":61,"column":65}},"62":{"start":{"line":63,"column":0},"end":{"line":63,"column":44}},"63":{"start":{"line":64,"column":0},"end":{"line":64,"column":74}},"64":{"start":{"line":65,"column":0},"end":{"line":65,"column":37}},"65":{"start":{"line":66,"column":0},"end":{"line":66,"column":25}},"66":{"start":{"line":67,"column":0},"end":{"line":67,"column":17}},"67":{"start":{"line":68,"column":0},"end":{"line":68,"column":21}},"68":{"start":{"line":69,"column":0},"end":{"line":69,"column":16}},"69":{"start":{"line":70,"column":0},"end":{"line":70,"column":14}},"70":{"start":{"line":71,"column":0},"end":{"line":71,"column":12}},"71":{"start":{"line":72,"column":0},"end":{"line":72,"column":10}},"73":{"start":{"line":74,"column":0},"end":{"line":74,"column":2}},"75":{"start":{"line":76,"column":0},"end":{"line":76,"column":26}}},"s":{"0":1,"1":1,"2":1,"4":1,"6":1,"7":8,"8":8,"9":8,"11":8,"12":8,"13":8,"14":8,"15":8,"17":8,"18":8,"19":8,"20":8,"21":8,"23":8,"24":8,"25":8,"26":8,"27":8,"28":8,"30":8,"31":8,"32":8,"33":8,"35":8,"36":8,"37":8,"38":8,"40":8,"41":8,"42":8,"43":24,"44":24,"45":24,"46":24,"47":24,"49":24,"50":24,"51":24,"52":8,"53":8,"55":8,"56":8,"57":8,"58":8,"59":8,"60":8,"62":8,"63":24,"64":24,"65":24,"66":8,"67":8,"68":8,"69":8,"70":8,"71":8,"73":8,"75":1},"branchMap":{"0":{"type":"branch","line":7,"loc":{"start":{"line":7,"column":29},"end":{"line":74,"column":2}},"locations":[{"start":{"line":7,"column":29},"end":{"line":74,"column":2}}]},"1":{"type":"branch","line":41,"loc":{"start":{"line":41,"column":36},"end":{"line":41,"column":67}},"locations":[{"start":{"line":41,"column":36},"end":{"line":41,"column":67}}]},"2":{"type":"branch","line":41,"loc":{"start":{"line":41,"column":49},"end":{"line":41,"column":69}},"locations":[{"start":{"line":41,"column":49},"end":{"line":41,"column":69}}]},"3":{"type":"branch","line":33,"loc":{"start":{"line":33,"column":19},"end":{"line":33,"column":52}},"locations":[{"start":{"line":33,"column":19},"end":{"line":33,"column":52}}]},"4":{"type":"branch","line":43,"loc":{"start":{"line":43,"column":26},"end":{"line":52,"column":19}},"locations":[{"start":{"line":43,"column":26},"end":{"line":52,"column":19}}]},"5":{"type":"branch","line":47,"loc":{"start":{"line":47,"column":56},"end":{"line":47,"column":74}},"locations":[{"start":{"line":47,"column":56},"end":{"line":47,"column":74}}]},"6":{"type":"branch","line":47,"loc":{"start":{"line":47,"column":63},"end":{"line":47,"column":77}},"locations":[{"start":{"line":47,"column":63},"end":{"line":47,"column":77}}]},"7":{"type":"branch","line":61,"loc":{"start":{"line":61,"column":24},"end":{"line":61,"column":65}},"locations":[{"start":{"line":61,"column":24},"end":{"line":61,"column":65}}]},"8":{"type":"branch","line":63,"loc":{"start":{"line":63,"column":26},"end":{"line":66,"column":25}},"locations":[{"start":{"line":63,"column":26},"end":{"line":66,"column":25}}]}},"b":{"0":[8],"1":[1],"2":[7],"3":[1],"4":[24],"5":[8],"6":[16],"7":[1],"8":[24]},"fnMap":{"0":{"name":"Navigation","decl":{"start":{"line":7,"column":29},"end":{"line":74,"column":2}},"loc":{"start":{"line":7,"column":29},"end":{"line":74,"column":2}},"line":7},"1":{"name":"onClick","decl":{"start":{"line":33,"column":19},"end":{"line":33,"column":52}},"loc":{"start":{"line":33,"column":19},"end":{"line":33,"column":52}},"line":33},"2":{"name":"onClick","decl":{"start":{"line":48,"column":27},"end":{"line":48,"column":54}},"loc":{"start":{"line":48,"column":27},"end":{"line":48,"column":54}},"line":48},"3":{"name":"onChange","decl":{"start":{"line":61,"column":24},"end":{"line":61,"column":65}},"loc":{"start":{"line":61,"column":24},"end":{"line":61,"column":65}},"line":61}},"f":{"0":8,"1":1,"2":0,"3":1}}
,"/Users/Tarun_Dewangan/gitrepos/vite-nav-forms-charts/src/context/ThemeContext.tsx": {"path":"/Users/Tarun_Dewangan/gitrepos/vite-nav-forms-charts/src/context/ThemeContext.tsx","all":false,"statementMap":{"0":{"start":{"line":1,"column":0},"end":{"line":1,"column":78}},"4":{"start":{"line":5,"column":0},"end":{"line":5,"column":76}},"6":{"start":{"line":7,"column":0},"end":{"line":7,"column":31}},"7":{"start":{"line":8,"column":0},"end":{"line":8,"column":43}},"8":{"start":{"line":9,"column":0},"end":{"line":9,"column":30}},"9":{"start":{"line":10,"column":0},"end":{"line":10,"column":68}},"10":{"start":{"line":11,"column":0},"end":{"line":11,"column":3}},"11":{"start":{"line":12,"column":0},"end":{"line":12,"column":17}},"12":{"start":{"line":13,"column":0},"end":{"line":13,"column":2}},"18":{"start":{"line":19,"column":0},"end":{"line":19,"column":78}},"19":{"start":{"line":20,"column":0},"end":{"line":20,"column":51}},"20":{"start":{"line":21,"column":0},"end":{"line":21,"column":62}},"21":{"start":{"line":22,"column":0},"end":{"line":22,"column":33}},"22":{"start":{"line":23,"column":0},"end":{"line":23,"column":5}},"24":{"start":{"line":25,"column":0},"end":{"line":25,"column":19}},"25":{"start":{"line":26,"column":0},"end":{"line":26,"column":41}},"26":{"start":{"line":27,"column":0},"end":{"line":27,"column":63}},"27":{"start":{"line":28,"column":0},"end":{"line":28,"column":14}},"29":{"start":{"line":30,"column":0},"end":{"line":30,"column":10}},"30":{"start":{"line":31,"column":0},"end":{"line":31,"column":55}},"31":{"start":{"line":32,"column":0},"end":{"line":32,"column":16}},"32":{"start":{"line":33,"column":0},"end":{"line":33,"column":28}},"34":{"start":{"line":35,"column":0},"end":{"line":35,"column":2}}},"s":{"0":1,"4":1,"6":1,"7":8,"8":8,"9":0,"10":0,"11":8,"12":8,"18":1,"19":7,"20":6,"21":6,"22":7,"24":7,"25":7,"26":7,"27":7,"29":7,"30":7,"31":7,"32":7,"34":7},"branchMap":{"0":{"type":"branch","line":7,"loc":{"start":{"line":7,"column":24},"end":{"line":13,"column":2}},"locations":[{"start":{"line":7,"column":24},"end":{"line":13,"column":2}}]},"1":{"type":"branch","line":9,"loc":{"start":{"line":9,"column":29},"end":{"line":11,"column":3}},"locations":[{"start":{"line":9,"column":29},"end":{"line":11,"column":3}}]},"2":{"type":"branch","line":19,"loc":{"start":{"line":19,"column":59},"end":{"line":35,"column":2}},"locations":[{"start":{"line":19,"column":59},"end":{"line":35,"column":2}}]},"3":{"type":"branch","line":20,"loc":{"start":{"line":20,"column":44},"end":{"line":23,"column":3}},"locations":[{"start":{"line":20,"column":44},"end":{"line":23,"column":3}}]},"4":{"type":"branch","line":25,"loc":{"start":{"line":25,"column":12},"end":{"line":28,"column":5}},"locations":[{"start":{"line":25,"column":12},"end":{"line":28,"column":5}}]}},"b":{"0":[8],"1":[0],"2":[7],"3":[6],"4":[7]},"fnMap":{"0":{"name":"useTheme","decl":{"start":{"line":7,"column":24},"end":{"line":13,"column":2}},"loc":{"start":{"line":7,"column":24},"end":{"line":13,"column":2}},"line":7},"1":{"name":"ThemeProvider","decl":{"start":{"line":19,"column":59},"end":{"line":35,"column":2}},"loc":{"start":{"line":19,"column":59},"end":{"line":35,"column":2}},"line":19}},"f":{"0":8,"1":7}}
,"/Users/Tarun_Dewangan/gitrepos/vite-nav-forms-charts/src/utils/storage.ts": {"path":"/Users/Tarun_Dewangan/gitrepos/vite-nav-forms-charts/src/utils/storage.ts","all":false,"statementMap":{"2":{"start":{"line":3,"column":0},"end":{"line":3,"column":32}},"4":{"start":{"line":5,"column":0},"end":{"line":5,"column":45}},"5":{"start":{"line":6,"column":0},"end":{"line":6,"column":7}},"6":{"start":{"line":7,"column":0},"end":{"line":7,"column":51}},"7":{"start":{"line":8,"column":0},"end":{"line":8,"column":40}},"8":{"start":{"line":9,"column":0},"end":{"line":9,"column":19}},"9":{"start":{"line":10,"column":0},"end":{"line":10,"column":71}},"10":{"start":{"line":11,"column":0},"end":{"line":11,"column":14}},"11":{"start":{"line":12,"column":0},"end":{"line":12,"column":3}},"12":{"start":{"line":13,"column":0},"end":{"line":13,"column":2}},"14":{"start":{"line":15,"column":0},"end":{"line":15,"column":56}},"15":{"start":{"line":16,"column":0},"end":{"line":16,"column":7}},"16":{"start":{"line":17,"column":0},"end":{"line":17,"column":35}},"17":{"start":{"line":18,"column":0},"end":{"line":18,"column":27}},"18":{"start":{"line":19,"column":0},"end":{"line":19,"column":64}},"19":{"start":{"line":20,"column":0},"end":{"line":20,"column":19}},"20":{"start":{"line":21,"column":0},"end":{"line":21,"column":67}},"21":{"start":{"line":22,"column":0},"end":{"line":22,"column":3}},"22":{"start":{"line":23,"column":0},"end":{"line":23,"column":2}},"24":{"start":{"line":25,"column":0},"end":{"line":25,"column":59}},"25":{"start":{"line":26,"column":0},"end":{"line":26,"column":19}},"26":{"start":{"line":27,"column":0},"end":{"line":27,"column":9}},"27":{"start":{"line":28,"column":0},"end":{"line":28,"column":11}},"28":{"start":{"line":29,"column":0},"end":{"line":29,"column":11}},"29":{"start":{"line":30,"column":0},"end":{"line":30,"column":23}},"30":{"start":{"line":31,"column":0},"end":{"line":31,"column":25}},"31":{"start":{"line":32,"column":0},"end":{"line":32,"column":15}},"32":{"start":{"line":33,"column":0},"end":{"line":33,"column":19}},"33":{"start":{"line":34,"column":0},"end":{"line":34,"column":19}},"34":{"start":{"line":35,"column":0},"end":{"line":35,"column":19}},"35":{"start":{"line":36,"column":0},"end":{"line":36,"column":15}},"36":{"start":{"line":37,"column":0},"end":{"line":37,"column":4}},"38":{"start":{"line":39,"column":0},"end":{"line":39,"column":22}},"39":{"start":{"line":40,"column":0},"end":{"line":40,"column":22}},"40":{"start":{"line":41,"column":0},"end":{"line":41,"column":32}},"41":{"start":{"line":42,"column":0},"end":{"line":42,"column":17}},"42":{"start":{"line":43,"column":0},"end":{"line":43,"column":26}},"43":{"start":{"line":44,"column":0},"end":{"line":44,"column":19}},"44":{"start":{"line":45,"column":0},"end":{"line":45,"column":37}},"45":{"start":{"line":46,"column":0},"end":{"line":46,"column":39}},"46":{"start":{"line":47,"column":0},"end":{"line":47,"column":30}},"47":{"start":{"line":48,"column":0},"end":{"line":48,"column":26}},"48":{"start":{"line":49,"column":0},"end":{"line":49,"column":39}},"49":{"start":{"line":50,"column":0},"end":{"line":50,"column":26}},"50":{"start":{"line":51,"column":0},"end":{"line":51,"column":23}},"51":{"start":{"line":52,"column":0},"end":{"line":52,"column":16}},"52":{"start":{"line":53,"column":0},"end":{"line":53,"column":15}},"54":{"start":{"line":55,"column":0},"end":{"line":55,"column":75}},"55":{"start":{"line":56,"column":0},"end":{"line":56,"column":43}},"56":{"start":{"line":57,"column":0},"end":{"line":57,"column":40}},"57":{"start":{"line":58,"column":0},"end":{"line":58,"column":33}},"58":{"start":{"line":59,"column":0},"end":{"line":59,"column":91}},"59":{"start":{"line":60,"column":0},"end":{"line":60,"column":35}},"60":{"start":{"line":61,"column":0},"end":{"line":61,"column":34}},"61":{"start":{"line":62,"column":0},"end":{"line":62,"column":15}},"62":{"start":{"line":63,"column":0},"end":{"line":63,"column":34}},"63":{"start":{"line":64,"column":0},"end":{"line":64,"column":2}}},"s":{"2":1,"4":1,"5":6,"6":6,"7":6,"8":6,"9":0,"10":0,"11":0,"12":6,"14":1,"15":3,"16":3,"17":3,"18":3,"19":3,"20":0,"21":0,"22":3,"24":1,"25":0,"26":0,"27":0,"28":0,"29":0,"30":0,"31":0,"32":0,"33":0,"34":0,"35":0,"36":0,"38":0,"39":0,"40":0,"41":0,"42":0,"43":0,"44":0,"45":0,"46":0,"47":0,"48":0,"49":0,"50":0,"51":0,"52":0,"54":0,"55":0,"56":0,"57":0,"58":0,"59":0,"60":0,"61":0,"62":0,"63":0},"branchMap":{"0":{"type":"branch","line":5,"loc":{"start":{"line":5,"column":27},"end":{"line":13,"column":2}},"locations":[{"start":{"line":5,"column":27},"end":{"line":13,"column":2}}]},"1":{"type":"branch","line":8,"loc":{"start":{"line":8,"column":11},"end":{"line":8,"column":37}},"locations":[{"start":{"line":8,"column":11},"end":{"line":8,"column":37}}]},"2":{"type":"branch","line":8,"loc":{"start":{"line":8,"column":33},"end":{"line":8,"column":40}},"locations":[{"start":{"line":8,"column":33},"end":{"line":8,"column":40}}]},"3":{"type":"branch","line":9,"loc":{"start":{"line":9,"column":2},"end":{"line":12,"column":3}},"locations":[{"start":{"line":9,"column":2},"end":{"line":12,"column":3}}]},"4":{"type":"branch","line":15,"loc":{"start":{"line":15,"column":27},"end":{"line":23,"column":2}},"locations":[{"start":{"line":15,"column":27},"end":{"line":23,"column":2}}]},"5":{"type":"branch","line":20,"loc":{"start":{"line":20,"column":2},"end":{"line":22,"column":3}},"locations":[{"start":{"line":20,"column":2},"end":{"line":22,"column":3}}]}},"b":{"0":[6],"1":[3],"2":[3],"3":[0],"4":[3],"5":[0]},"fnMap":{"0":{"name":"getCheckIns","decl":{"start":{"line":5,"column":27},"end":{"line":13,"column":2}},"loc":{"start":{"line":5,"column":27},"end":{"line":13,"column":2}},"line":5},"1":{"name":"saveCheckIn","decl":{"start":{"line":15,"column":27},"end":{"line":23,"column":2}},"loc":{"start":{"line":15,"column":27},"end":{"line":23,"column":2}},"line":15},"2":{"name":"exportToCSV","decl":{"start":{"line":25,"column":27},"end":{"line":64,"column":2}},"loc":{"start":{"line":25,"column":27},"end":{"line":64,"column":2}},"line":25}},"f":{"0":6,"1":3,"2":0}}
}
